2020-08-27 17:33:51,862 : INFO : iGEM_login : Already logged in.
2020-08-27 17:33:56,636 : INFO : iGEM_upload_file : Uploaded T--Stockholm--img--Description--josh-withers.jpg to https://2020.igem.org/wiki/images/9/92/T--Stockholm--img--Description--josh-withers.jpg.
2020-08-27 17:33:57,532 : INFO : iGEM_upload_file : Uploaded T--Stockholm--img--Home--design.jpeg to https://2020.igem.org/wiki/images/b/bf/T--Stockholm--img--Home--design.jpeg.
2020-08-27 17:33:58,393 : INFO : iGEM_upload_file : Uploaded T--Stockholm--img--Home--human-practices.jpg to https://2020.igem.org/wiki/images/3/32/T--Stockholm--img--Home--human-practices.jpg.
2020-08-27 17:33:59,301 : INFO : iGEM_upload_file : Uploaded T--Stockholm--img--Home--model.jpeg to https://2020.igem.org/wiki/images/7/74/T--Stockholm--img--Home--model.jpeg.
2020-08-27 17:34:00,197 : INFO : iGEM_upload_file : Uploaded T--Stockholm--img--Team--member.jpeg to https://2020.igem.org/wiki/images/4/48/T--Stockholm--img--Team--member.jpeg.
2020-08-27 17:34:01,364 : INFO : iGEM_upload_file : Uploaded T--Stockholm--img--Team.jpg to https://2020.igem.org/wiki/images/6/68/T--Stockholm--img--Team.jpg.
2020-08-27 17:34:01,398 : INFO : iGEM_URL : css/index.css was changed to https://2020.igem.org/Template:Stockholm/css/indexCSS?action=raw&ctype=text/css in index.html.
2020-08-27 17:34:01,399 : INFO : iGEM_URL : index.bundle.js was changed to https://2020.igem.org/Template:Stockholm/index-bundleJS?action=raw&ctype=text/javascript in index.html.
2020-08-27 17:34:01,399 : INFO : iGEM_URL : /Sample was changed to https://2020.igem.org/Team:Stockholm/Sample in index.html.
2020-08-27 17:34:01,400 : INFO : iGEM_URL : /Team was changed to https://2020.igem.org/Team:Stockholm/Team in index.html.
2020-08-27 17:34:01,400 : WARNING : iGEM_URL : dist\Attributions\index.html is referenced in dist\index.html but was not found.
2020-08-27 17:34:01,401 : INFO : iGEM_URL : /Attributions was changed to https://2020.igem.org/Team:Stockholm/Attributions in index.html.
2020-08-27 17:34:01,401 : WARNING : iGEM_URL : dist\Collaborations\index.html is referenced in dist\index.html but was not found.
2020-08-27 17:34:01,401 : INFO : iGEM_URL : /Collaborations was changed to https://2020.igem.org/Team:Stockholm/Collaborations in index.html.
2020-08-27 17:34:01,402 : WARNING : iGEM_URL : dist\Inclusion\index.html is referenced in dist\index.html but was not found.
2020-08-27 17:34:01,402 : INFO : iGEM_URL : /Inclusion was changed to https://2020.igem.org/Team:Stockholm/Inclusion in index.html.
2020-08-27 17:34:01,402 : WARNING : iGEM_URL : dist\Contribution\index.html is referenced in dist\index.html but was not found.
2020-08-27 17:34:01,403 : INFO : iGEM_URL : /Contribution was changed to https://2020.igem.org/Team:Stockholm/Contribution in index.html.
2020-08-27 17:34:01,403 : INFO : iGEM_URL : /Description was changed to https://2020.igem.org/Team:Stockholm/Description in index.html.
2020-08-27 17:34:01,404 : WARNING : iGEM_URL : dist\Design\index.html is referenced in dist\index.html but was not found.
2020-08-27 17:34:01,404 : INFO : iGEM_URL : /Design was changed to https://2020.igem.org/Team:Stockholm/Design in index.html.
2020-08-27 17:34:01,404 : WARNING : iGEM_URL : dist\Engineering\index.html is referenced in dist\index.html but was not found.
2020-08-27 17:34:01,404 : INFO : iGEM_URL : /Engineering was changed to https://2020.igem.org/Team:Stockholm/Engineering in index.html.
2020-08-27 17:34:01,405 : WARNING : iGEM_URL : dist\Experiments\index.html is referenced in dist\index.html but was not found.
2020-08-27 17:34:01,405 : INFO : iGEM_URL : /Experiments was changed to https://2020.igem.org/Team:Stockholm/Experiments in index.html.
2020-08-27 17:34:01,406 : WARNING : iGEM_URL : dist\Notebook\index.html is referenced in dist\index.html but was not found.
2020-08-27 17:34:01,406 : INFO : iGEM_URL : /Notebook was changed to https://2020.igem.org/Team:Stockholm/Notebook in index.html.
2020-08-27 17:34:01,406 : WARNING : iGEM_URL : dist\Partnership\index.html is referenced in dist\index.html but was not found.
2020-08-27 17:34:01,407 : INFO : iGEM_URL : /Partnership was changed to https://2020.igem.org/Team:Stockholm/Partnership in index.html.
2020-08-27 17:34:01,407 : WARNING : iGEM_URL : dist\Proof_Of_Concept\index.html is referenced in dist\index.html but was not found.
2020-08-27 17:34:01,408 : INFO : iGEM_URL : /Proof_Of_Concept was changed to https://2020.igem.org/Team:Stockholm/Proof_Of_Concept in index.html.
2020-08-27 17:34:01,408 : WARNING : iGEM_URL : dist\Results\index.html is referenced in dist\index.html but was not found.
2020-08-27 17:34:01,408 : INFO : iGEM_URL : /Results was changed to https://2020.igem.org/Team:Stockholm/Results in index.html.
2020-08-27 17:34:01,409 : WARNING : iGEM_URL : dist\Part_Collection\index.html is referenced in dist\index.html but was not found.
2020-08-27 17:34:01,409 : INFO : iGEM_URL : /Part_Collection was changed to https://2020.igem.org/Team:Stockholm/Part_Collection in index.html.
2020-08-27 17:34:01,409 : WARNING : iGEM_URL : dist\Parts\index.html is referenced in dist\index.html but was not found.
2020-08-27 17:34:01,410 : INFO : iGEM_URL : /Parts was changed to https://2020.igem.org/Team:Stockholm/Parts in index.html.
2020-08-27 17:34:01,411 : WARNING : iGEM_URL : dist\Improve\index.html is referenced in dist\index.html but was not found.
2020-08-27 17:34:01,411 : INFO : iGEM_URL : /Improve was changed to https://2020.igem.org/Team:Stockholm/Improve in index.html.
2020-08-27 17:34:01,411 : WARNING : iGEM_URL : dist\Safety\index.html is referenced in dist\index.html but was not found.
2020-08-27 17:34:01,412 : INFO : iGEM_URL : /Safety was changed to https://2020.igem.org/Team:Stockholm/Safety in index.html.
2020-08-27 17:34:01,412 : WARNING : iGEM_URL : dist\Human_Practices\index.html is referenced in dist\index.html but was not found.
2020-08-27 17:34:01,413 : INFO : iGEM_URL : /Human_Practices was changed to https://2020.igem.org/Team:Stockholm/Human_Practices in index.html.
2020-08-27 17:34:01,413 : WARNING : iGEM_URL : dist\Education\index.html is referenced in dist\index.html but was not found.
2020-08-27 17:34:01,413 : INFO : iGEM_URL : /Education was changed to https://2020.igem.org/Team:Stockholm/Education in index.html.
2020-08-27 17:34:01,413 : WARNING : iGEM_URL : dist\Entrepreneurship\index.html is referenced in dist\index.html but was not found.
2020-08-27 17:34:01,413 : INFO : iGEM_URL : /Entrepreneurship was changed to https://2020.igem.org/Team:Stockholm/Entrepreneurship in index.html.
2020-08-27 17:34:01,414 : WARNING : iGEM_URL : dist\Hardware\index.html is referenced in dist\index.html but was not found.
2020-08-27 17:34:01,414 : INFO : iGEM_URL : /Hardware was changed to https://2020.igem.org/Team:Stockholm/Hardware in index.html.
2020-08-27 17:34:01,414 : WARNING : iGEM_URL : dist\Measurement\index.html is referenced in dist\index.html but was not found.
2020-08-27 17:34:01,415 : INFO : iGEM_URL : /Measurement was changed to https://2020.igem.org/Team:Stockholm/Measurement in index.html.
2020-08-27 17:34:01,415 : WARNING : iGEM_URL : dist\Model\index.html is referenced in dist\index.html but was not found.
2020-08-27 17:34:01,415 : INFO : iGEM_URL : /Model was changed to https://2020.igem.org/Team:Stockholm/Model in index.html.
2020-08-27 17:34:01,416 : WARNING : iGEM_URL : dist\Plant\index.html is referenced in dist\index.html but was not found.
2020-08-27 17:34:01,416 : INFO : iGEM_URL : /Plant was changed to https://2020.igem.org/Team:Stockholm/Plant in index.html.
2020-08-27 17:34:01,417 : WARNING : iGEM_URL : dist\Software\index.html is referenced in dist\index.html but was not found.
2020-08-27 17:34:01,418 : INFO : iGEM_URL : /Software was changed to https://2020.igem.org/Team:Stockholm/Software in index.html.
2020-08-27 17:34:01,418 : WARNING : iGEM_URL : dist\Sustainable\index.html is referenced in dist\index.html but was not found.
2020-08-27 17:34:01,418 : INFO : iGEM_URL : /Sustainable was changed to https://2020.igem.org/Team:Stockholm/Sustainable in index.html.
2020-08-27 17:34:01,419 : INFO : iGEM_URL : Description was changed to https://2020.igem.org/Team:Stockholm/Description in index.html.
2020-08-27 17:34:01,419 : WARNING : iGEM_URL : dist\Design\index.html is referenced in dist\index.html but was not found.
2020-08-27 17:34:01,419 : INFO : iGEM_URL : Design was changed to https://2020.igem.org/Team:Stockholm/Design in index.html.
2020-08-27 17:34:01,420 : WARNING : iGEM_URL : dist\Model\index.html is referenced in dist\index.html but was not found.
2020-08-27 17:34:01,421 : INFO : iGEM_URL : Model was changed to https://2020.igem.org/Team:Stockholm/Model in index.html.
2020-08-27 17:34:01,421 : WARNING : iGEM_URL : dist\Human_Practices\index.html is referenced in dist\index.html but was not found.
2020-08-27 17:34:01,422 : INFO : iGEM_URL : Human_Practices was changed to https://2020.igem.org/Team:Stockholm/Human_Practices in index.html.
2020-08-27 17:34:01,428 : INFO : iGEM_URL : assets/img/Home--design.jpeg was changed to https://2020.igem.org/wiki/images/b/bf/T--Stockholm--img--Home--design.jpeg in index.html.
2020-08-27 17:34:01,428 : INFO : iGEM_URL : assets/img/Home--model.jpeg was changed to https://2020.igem.org/wiki/images/7/74/T--Stockholm--img--Home--model.jpeg in index.html.
2020-08-27 17:34:01,429 : INFO : iGEM_URL : assets/img/Home--human-practices.jpg was changed to https://2020.igem.org/wiki/images/3/32/T--Stockholm--img--Home--human-practices.jpg in index.html.
2020-08-27 17:34:02,398 : INFO : iGEM_upload_page : Uploaded to https://2020.igem.org/wiki/index.php?title=Team:Stockholm&action=edit.
2020-08-27 17:34:02,413 : INFO : iGEM_URL : ../css/content.css was changed to https://2020.igem.org/Template:Stockholm/css/contentCSS?action=raw&ctype=text/css in Description\index.html.
2020-08-27 17:34:02,414 : INFO : iGEM_URL : ../content.bundle.js was changed to https://2020.igem.org/Template:Stockholm/content-bundleJS?action=raw&ctype=text/javascript in Description\index.html.
2020-08-27 17:34:02,415 : INFO : iGEM_URL : /Sample was changed to https://2020.igem.org/Team:Stockholm/Sample in Description\index.html.
2020-08-27 17:34:02,416 : INFO : iGEM_URL : /Team was changed to https://2020.igem.org/Team:Stockholm/Team in Description\index.html.
2020-08-27 17:34:02,416 : WARNING : iGEM_URL : dist\Attributions\index.html is referenced in dist\Description\index.html but was not found.
2020-08-27 17:34:02,416 : INFO : iGEM_URL : /Attributions was changed to https://2020.igem.org/Team:Stockholm/Attributions in Description\index.html.
2020-08-27 17:34:02,417 : WARNING : iGEM_URL : dist\Collaborations\index.html is referenced in dist\Description\index.html but was not found.
2020-08-27 17:34:02,417 : INFO : iGEM_URL : /Collaborations was changed to https://2020.igem.org/Team:Stockholm/Collaborations in Description\index.html.
2020-08-27 17:34:02,418 : WARNING : iGEM_URL : dist\Inclusion\index.html is referenced in dist\Description\index.html but was not found.
2020-08-27 17:34:02,418 : INFO : iGEM_URL : /Inclusion was changed to https://2020.igem.org/Team:Stockholm/Inclusion in Description\index.html.
2020-08-27 17:34:02,418 : WARNING : iGEM_URL : dist\Contribution\index.html is referenced in dist\Description\index.html but was not found.
2020-08-27 17:34:02,419 : INFO : iGEM_URL : /Contribution was changed to https://2020.igem.org/Team:Stockholm/Contribution in Description\index.html.
2020-08-27 17:34:02,419 : INFO : iGEM_URL : /Description was changed to https://2020.igem.org/Team:Stockholm/Description in Description\index.html.
2020-08-27 17:34:02,419 : WARNING : iGEM_URL : dist\Design\index.html is referenced in dist\Description\index.html but was not found.
2020-08-27 17:34:02,420 : INFO : iGEM_URL : /Design was changed to https://2020.igem.org/Team:Stockholm/Design in Description\index.html.
2020-08-27 17:34:02,420 : WARNING : iGEM_URL : dist\Engineering\index.html is referenced in dist\Description\index.html but was not found.
2020-08-27 17:34:02,421 : INFO : iGEM_URL : /Engineering was changed to https://2020.igem.org/Team:Stockholm/Engineering in Description\index.html.
2020-08-27 17:34:02,421 : WARNING : iGEM_URL : dist\Experiments\index.html is referenced in dist\Description\index.html but was not found.
2020-08-27 17:34:02,422 : INFO : iGEM_URL : /Experiments was changed to https://2020.igem.org/Team:Stockholm/Experiments in Description\index.html.
2020-08-27 17:34:02,422 : WARNING : iGEM_URL : dist\Notebook\index.html is referenced in dist\Description\index.html but was not found.
2020-08-27 17:34:02,422 : INFO : iGEM_URL : /Notebook was changed to https://2020.igem.org/Team:Stockholm/Notebook in Description\index.html.
2020-08-27 17:34:02,423 : WARNING : iGEM_URL : dist\Partnership\index.html is referenced in dist\Description\index.html but was not found.
2020-08-27 17:34:02,423 : INFO : iGEM_URL : /Partnership was changed to https://2020.igem.org/Team:Stockholm/Partnership in Description\index.html.
2020-08-27 17:34:02,424 : WARNING : iGEM_URL : dist\Proof_Of_Concept\index.html is referenced in dist\Description\index.html but was not found.
2020-08-27 17:34:02,424 : INFO : iGEM_URL : /Proof_Of_Concept was changed to https://2020.igem.org/Team:Stockholm/Proof_Of_Concept in Description\index.html.
2020-08-27 17:34:02,425 : WARNING : iGEM_URL : dist\Results\index.html is referenced in dist\Description\index.html but was not found.
2020-08-27 17:34:02,425 : INFO : iGEM_URL : /Results was changed to https://2020.igem.org/Team:Stockholm/Results in Description\index.html.
2020-08-27 17:34:02,425 : WARNING : iGEM_URL : dist\Part_Collection\index.html is referenced in dist\Description\index.html but was not found.
2020-08-27 17:34:02,426 : INFO : iGEM_URL : /Part_Collection was changed to https://2020.igem.org/Team:Stockholm/Part_Collection in Description\index.html.
2020-08-27 17:34:02,426 : WARNING : iGEM_URL : dist\Parts\index.html is referenced in dist\Description\index.html but was not found.
2020-08-27 17:34:02,427 : INFO : iGEM_URL : /Parts was changed to https://2020.igem.org/Team:Stockholm/Parts in Description\index.html.
2020-08-27 17:34:02,428 : WARNING : iGEM_URL : dist\Improve\index.html is referenced in dist\Description\index.html but was not found.
2020-08-27 17:34:02,428 : INFO : iGEM_URL : /Improve was changed to https://2020.igem.org/Team:Stockholm/Improve in Description\index.html.
2020-08-27 17:34:02,428 : WARNING : iGEM_URL : dist\Safety\index.html is referenced in dist\Description\index.html but was not found.
2020-08-27 17:34:02,429 : INFO : iGEM_URL : /Safety was changed to https://2020.igem.org/Team:Stockholm/Safety in Description\index.html.
2020-08-27 17:34:02,429 : WARNING : iGEM_URL : dist\Human_Practices\index.html is referenced in dist\Description\index.html but was not found.
2020-08-27 17:34:02,430 : INFO : iGEM_URL : /Human_Practices was changed to https://2020.igem.org/Team:Stockholm/Human_Practices in Description\index.html.
2020-08-27 17:34:02,431 : WARNING : iGEM_URL : dist\Education\index.html is referenced in dist\Description\index.html but was not found.
2020-08-27 17:34:02,431 : INFO : iGEM_URL : /Education was changed to https://2020.igem.org/Team:Stockholm/Education in Description\index.html.
2020-08-27 17:34:02,431 : WARNING : iGEM_URL : dist\Entrepreneurship\index.html is referenced in dist\Description\index.html but was not found.
2020-08-27 17:34:02,432 : INFO : iGEM_URL : /Entrepreneurship was changed to https://2020.igem.org/Team:Stockholm/Entrepreneurship in Description\index.html.
2020-08-27 17:34:02,432 : WARNING : iGEM_URL : dist\Hardware\index.html is referenced in dist\Description\index.html but was not found.
2020-08-27 17:34:02,432 : INFO : iGEM_URL : /Hardware was changed to https://2020.igem.org/Team:Stockholm/Hardware in Description\index.html.
2020-08-27 17:34:02,433 : WARNING : iGEM_URL : dist\Measurement\index.html is referenced in dist\Description\index.html but was not found.
2020-08-27 17:34:02,433 : INFO : iGEM_URL : /Measurement was changed to https://2020.igem.org/Team:Stockholm/Measurement in Description\index.html.
2020-08-27 17:34:02,433 : WARNING : iGEM_URL : dist\Model\index.html is referenced in dist\Description\index.html but was not found.
2020-08-27 17:34:02,434 : INFO : iGEM_URL : /Model was changed to https://2020.igem.org/Team:Stockholm/Model in Description\index.html.
2020-08-27 17:34:02,434 : WARNING : iGEM_URL : dist\Plant\index.html is referenced in dist\Description\index.html but was not found.
2020-08-27 17:34:02,434 : INFO : iGEM_URL : /Plant was changed to https://2020.igem.org/Team:Stockholm/Plant in Description\index.html.
2020-08-27 17:34:02,435 : WARNING : iGEM_URL : dist\Software\index.html is referenced in dist\Description\index.html but was not found.
2020-08-27 17:34:02,435 : INFO : iGEM_URL : /Software was changed to https://2020.igem.org/Team:Stockholm/Software in Description\index.html.
2020-08-27 17:34:02,436 : WARNING : iGEM_URL : dist\Sustainable\index.html is referenced in dist\Description\index.html but was not found.
2020-08-27 17:34:02,437 : INFO : iGEM_URL : /Sustainable was changed to https://2020.igem.org/Team:Stockholm/Sustainable in Description\index.html.
2020-08-27 17:34:02,442 : INFO : iGEM_URL : ../assets/img/Description--josh-withers.jpg was changed to https://2020.igem.org/wiki/images/9/92/T--Stockholm--img--Description--josh-withers.jpg in Description\index.html.
2020-08-27 17:34:03,307 : INFO : iGEM_upload_page : Uploaded to https://2020.igem.org/wiki/index.php?title=Team:Stockholm/Description&action=edit.
2020-08-27 17:34:03,337 : INFO : iGEM_URL : ../css/content.css was changed to https://2020.igem.org/Template:Stockholm/css/contentCSS?action=raw&ctype=text/css in Sample\index.html.
2020-08-27 17:34:03,338 : INFO : iGEM_URL : ../content.bundle.js was changed to https://2020.igem.org/Template:Stockholm/content-bundleJS?action=raw&ctype=text/javascript in Sample\index.html.
2020-08-27 17:34:03,339 : INFO : iGEM_URL : /Sample was changed to https://2020.igem.org/Team:Stockholm/Sample in Sample\index.html.
2020-08-27 17:34:03,340 : INFO : iGEM_URL : /Team was changed to https://2020.igem.org/Team:Stockholm/Team in Sample\index.html.
2020-08-27 17:34:03,340 : WARNING : iGEM_URL : dist\Attributions\index.html is referenced in dist\Sample\index.html but was not found.
2020-08-27 17:34:03,341 : INFO : iGEM_URL : /Attributions was changed to https://2020.igem.org/Team:Stockholm/Attributions in Sample\index.html.
2020-08-27 17:34:03,341 : WARNING : iGEM_URL : dist\Collaborations\index.html is referenced in dist\Sample\index.html but was not found.
2020-08-27 17:34:03,341 : INFO : iGEM_URL : /Collaborations was changed to https://2020.igem.org/Team:Stockholm/Collaborations in Sample\index.html.
2020-08-27 17:34:03,342 : WARNING : iGEM_URL : dist\Inclusion\index.html is referenced in dist\Sample\index.html but was not found.
2020-08-27 17:34:03,342 : INFO : iGEM_URL : /Inclusion was changed to https://2020.igem.org/Team:Stockholm/Inclusion in Sample\index.html.
2020-08-27 17:34:03,343 : WARNING : iGEM_URL : dist\Contribution\index.html is referenced in dist\Sample\index.html but was not found.
2020-08-27 17:34:03,343 : INFO : iGEM_URL : /Contribution was changed to https://2020.igem.org/Team:Stockholm/Contribution in Sample\index.html.
2020-08-27 17:34:03,343 : INFO : iGEM_URL : /Description was changed to https://2020.igem.org/Team:Stockholm/Description in Sample\index.html.
2020-08-27 17:34:03,344 : WARNING : iGEM_URL : dist\Design\index.html is referenced in dist\Sample\index.html but was not found.
2020-08-27 17:34:03,344 : INFO : iGEM_URL : /Design was changed to https://2020.igem.org/Team:Stockholm/Design in Sample\index.html.
2020-08-27 17:34:03,344 : WARNING : iGEM_URL : dist\Engineering\index.html is referenced in dist\Sample\index.html but was not found.
2020-08-27 17:34:03,345 : INFO : iGEM_URL : /Engineering was changed to https://2020.igem.org/Team:Stockholm/Engineering in Sample\index.html.
2020-08-27 17:34:03,345 : WARNING : iGEM_URL : dist\Experiments\index.html is referenced in dist\Sample\index.html but was not found.
2020-08-27 17:34:03,345 : INFO : iGEM_URL : /Experiments was changed to https://2020.igem.org/Team:Stockholm/Experiments in Sample\index.html.
2020-08-27 17:34:03,346 : WARNING : iGEM_URL : dist\Notebook\index.html is referenced in dist\Sample\index.html but was not found.
2020-08-27 17:34:03,346 : INFO : iGEM_URL : /Notebook was changed to https://2020.igem.org/Team:Stockholm/Notebook in Sample\index.html.
2020-08-27 17:34:03,346 : WARNING : iGEM_URL : dist\Partnership\index.html is referenced in dist\Sample\index.html but was not found.
2020-08-27 17:34:03,347 : INFO : iGEM_URL : /Partnership was changed to https://2020.igem.org/Team:Stockholm/Partnership in Sample\index.html.
2020-08-27 17:34:03,347 : WARNING : iGEM_URL : dist\Proof_Of_Concept\index.html is referenced in dist\Sample\index.html but was not found.
2020-08-27 17:34:03,347 : INFO : iGEM_URL : /Proof_Of_Concept was changed to https://2020.igem.org/Team:Stockholm/Proof_Of_Concept in Sample\index.html.
2020-08-27 17:34:03,348 : WARNING : iGEM_URL : dist\Results\index.html is referenced in dist\Sample\index.html but was not found.
2020-08-27 17:34:03,348 : INFO : iGEM_URL : /Results was changed to https://2020.igem.org/Team:Stockholm/Results in Sample\index.html.
2020-08-27 17:34:03,348 : WARNING : iGEM_URL : dist\Part_Collection\index.html is referenced in dist\Sample\index.html but was not found.
2020-08-27 17:34:03,349 : INFO : iGEM_URL : /Part_Collection was changed to https://2020.igem.org/Team:Stockholm/Part_Collection in Sample\index.html.
2020-08-27 17:34:03,349 : WARNING : iGEM_URL : dist\Parts\index.html is referenced in dist\Sample\index.html but was not found.
2020-08-27 17:34:03,349 : INFO : iGEM_URL : /Parts was changed to https://2020.igem.org/Team:Stockholm/Parts in Sample\index.html.
2020-08-27 17:34:03,350 : WARNING : iGEM_URL : dist\Improve\index.html is referenced in dist\Sample\index.html but was not found.
2020-08-27 17:34:03,351 : INFO : iGEM_URL : /Improve was changed to https://2020.igem.org/Team:Stockholm/Improve in Sample\index.html.
2020-08-27 17:34:03,351 : WARNING : iGEM_URL : dist\Safety\index.html is referenced in dist\Sample\index.html but was not found.
2020-08-27 17:34:03,351 : INFO : iGEM_URL : /Safety was changed to https://2020.igem.org/Team:Stockholm/Safety in Sample\index.html.
2020-08-27 17:34:03,352 : WARNING : iGEM_URL : dist\Human_Practices\index.html is referenced in dist\Sample\index.html but was not found.
2020-08-27 17:34:03,352 : INFO : iGEM_URL : /Human_Practices was changed to https://2020.igem.org/Team:Stockholm/Human_Practices in Sample\index.html.
2020-08-27 17:34:03,352 : WARNING : iGEM_URL : dist\Education\index.html is referenced in dist\Sample\index.html but was not found.
2020-08-27 17:34:03,353 : INFO : iGEM_URL : /Education was changed to https://2020.igem.org/Team:Stockholm/Education in Sample\index.html.
2020-08-27 17:34:03,353 : WARNING : iGEM_URL : dist\Entrepreneurship\index.html is referenced in dist\Sample\index.html but was not found.
2020-08-27 17:34:03,353 : INFO : iGEM_URL : /Entrepreneurship was changed to https://2020.igem.org/Team:Stockholm/Entrepreneurship in Sample\index.html.
2020-08-27 17:34:03,354 : WARNING : iGEM_URL : dist\Hardware\index.html is referenced in dist\Sample\index.html but was not found.
2020-08-27 17:34:03,354 : INFO : iGEM_URL : /Hardware was changed to https://2020.igem.org/Team:Stockholm/Hardware in Sample\index.html.
2020-08-27 17:34:03,355 : WARNING : iGEM_URL : dist\Measurement\index.html is referenced in dist\Sample\index.html but was not found.
2020-08-27 17:34:03,355 : INFO : iGEM_URL : /Measurement was changed to https://2020.igem.org/Team:Stockholm/Measurement in Sample\index.html.
2020-08-27 17:34:03,355 : WARNING : iGEM_URL : dist\Model\index.html is referenced in dist\Sample\index.html but was not found.
2020-08-27 17:34:03,355 : INFO : iGEM_URL : /Model was changed to https://2020.igem.org/Team:Stockholm/Model in Sample\index.html.
2020-08-27 17:34:03,356 : WARNING : iGEM_URL : dist\Plant\index.html is referenced in dist\Sample\index.html but was not found.
2020-08-27 17:34:03,356 : INFO : iGEM_URL : /Plant was changed to https://2020.igem.org/Team:Stockholm/Plant in Sample\index.html.
2020-08-27 17:34:03,357 : WARNING : iGEM_URL : dist\Software\index.html is referenced in dist\Sample\index.html but was not found.
2020-08-27 17:34:03,357 : INFO : iGEM_URL : /Software was changed to https://2020.igem.org/Team:Stockholm/Software in Sample\index.html.
2020-08-27 17:34:03,357 : WARNING : iGEM_URL : dist\Sustainable\index.html is referenced in dist\Sample\index.html but was not found.
2020-08-27 17:34:03,357 : INFO : iGEM_URL : /Sustainable was changed to https://2020.igem.org/Team:Stockholm/Sustainable in Sample\index.html.
2020-08-27 17:34:03,358 : WARNING : iGEM_URL : dist\Sample\Link-goes-in-parenthesis\index.html is referenced in dist\Sample\index.html but was not found.
2020-08-27 17:34:03,358 : INFO : iGEM_URL : Link-goes-in-parenthesis was changed to https://2020.igem.org/Team:Stockholm/Sample/Link-goes-in-parenthesis in Sample\index.html.
2020-08-27 17:34:03,359 : WARNING : iGEM_URL : dist\Sample\google.com is referenced in dist\Sample\index.html but was not found.
2020-08-27 17:34:03,359 : WARNING : iGEM_URL : google.com is referenced in Sample\index.html but was not found.
2020-08-27 17:34:03,373 : INFO : iGEM_URL : ../assets/img/Description--josh-withers.jpg was changed to https://2020.igem.org/wiki/images/9/92/T--Stockholm--img--Description--josh-withers.jpg in Sample\index.html.
2020-08-27 17:34:04,366 : INFO : iGEM_upload_page : Uploaded to https://2020.igem.org/wiki/index.php?title=Team:Stockholm/Sample&action=edit.
2020-08-27 17:34:04,385 : INFO : iGEM_URL : ../css/team.css was changed to https://2020.igem.org/Template:Stockholm/css/teamCSS?action=raw&ctype=text/css in Team\index.html.
2020-08-27 17:34:04,386 : INFO : iGEM_URL : ../team.bundle.js was changed to https://2020.igem.org/Template:Stockholm/team-bundleJS?action=raw&ctype=text/javascript in Team\index.html.
2020-08-27 17:34:04,387 : INFO : iGEM_URL : /Sample was changed to https://2020.igem.org/Team:Stockholm/Sample in Team\index.html.
2020-08-27 17:34:04,388 : INFO : iGEM_URL : /Team was changed to https://2020.igem.org/Team:Stockholm/Team in Team\index.html.
2020-08-27 17:34:04,388 : WARNING : iGEM_URL : dist\Attributions\index.html is referenced in dist\Team\index.html but was not found.
2020-08-27 17:34:04,388 : INFO : iGEM_URL : /Attributions was changed to https://2020.igem.org/Team:Stockholm/Attributions in Team\index.html.
2020-08-27 17:34:04,389 : WARNING : iGEM_URL : dist\Collaborations\index.html is referenced in dist\Team\index.html but was not found.
2020-08-27 17:34:04,389 : INFO : iGEM_URL : /Collaborations was changed to https://2020.igem.org/Team:Stockholm/Collaborations in Team\index.html.
2020-08-27 17:34:04,390 : WARNING : iGEM_URL : dist\Inclusion\index.html is referenced in dist\Team\index.html but was not found.
2020-08-27 17:34:04,390 : INFO : iGEM_URL : /Inclusion was changed to https://2020.igem.org/Team:Stockholm/Inclusion in Team\index.html.
2020-08-27 17:34:04,390 : WARNING : iGEM_URL : dist\Contribution\index.html is referenced in dist\Team\index.html but was not found.
2020-08-27 17:34:04,391 : INFO : iGEM_URL : /Contribution was changed to https://2020.igem.org/Team:Stockholm/Contribution in Team\index.html.
2020-08-27 17:34:04,391 : INFO : iGEM_URL : /Description was changed to https://2020.igem.org/Team:Stockholm/Description in Team\index.html.
2020-08-27 17:34:04,392 : WARNING : iGEM_URL : dist\Design\index.html is referenced in dist\Team\index.html but was not found.
2020-08-27 17:34:04,392 : INFO : iGEM_URL : /Design was changed to https://2020.igem.org/Team:Stockholm/Design in Team\index.html.
2020-08-27 17:34:04,392 : WARNING : iGEM_URL : dist\Engineering\index.html is referenced in dist\Team\index.html but was not found.
2020-08-27 17:34:04,392 : INFO : iGEM_URL : /Engineering was changed to https://2020.igem.org/Team:Stockholm/Engineering in Team\index.html.
2020-08-27 17:34:04,393 : WARNING : iGEM_URL : dist\Experiments\index.html is referenced in dist\Team\index.html but was not found.
2020-08-27 17:34:04,393 : INFO : iGEM_URL : /Experiments was changed to https://2020.igem.org/Team:Stockholm/Experiments in Team\index.html.
2020-08-27 17:34:04,394 : WARNING : iGEM_URL : dist\Notebook\index.html is referenced in dist\Team\index.html but was not found.
2020-08-27 17:34:04,394 : INFO : iGEM_URL : /Notebook was changed to https://2020.igem.org/Team:Stockholm/Notebook in Team\index.html.
2020-08-27 17:34:04,394 : WARNING : iGEM_URL : dist\Partnership\index.html is referenced in dist\Team\index.html but was not found.
2020-08-27 17:34:04,394 : INFO : iGEM_URL : /Partnership was changed to https://2020.igem.org/Team:Stockholm/Partnership in Team\index.html.
2020-08-27 17:34:04,395 : WARNING : iGEM_URL : dist\Proof_Of_Concept\index.html is referenced in dist\Team\index.html but was not found.
2020-08-27 17:34:04,395 : INFO : iGEM_URL : /Proof_Of_Concept was changed to https://2020.igem.org/Team:Stockholm/Proof_Of_Concept in Team\index.html.
2020-08-27 17:34:04,396 : WARNING : iGEM_URL : dist\Results\index.html is referenced in dist\Team\index.html but was not found.
2020-08-27 17:34:04,396 : INFO : iGEM_URL : /Results was changed to https://2020.igem.org/Team:Stockholm/Results in Team\index.html.
2020-08-27 17:34:04,396 : WARNING : iGEM_URL : dist\Part_Collection\index.html is referenced in dist\Team\index.html but was not found.
2020-08-27 17:34:04,397 : INFO : iGEM_URL : /Part_Collection was changed to https://2020.igem.org/Team:Stockholm/Part_Collection in Team\index.html.
2020-08-27 17:34:04,397 : WARNING : iGEM_URL : dist\Parts\index.html is referenced in dist\Team\index.html but was not found.
2020-08-27 17:34:04,397 : INFO : iGEM_URL : /Parts was changed to https://2020.igem.org/Team:Stockholm/Parts in Team\index.html.
2020-08-27 17:34:04,398 : WARNING : iGEM_URL : dist\Improve\index.html is referenced in dist\Team\index.html but was not found.
2020-08-27 17:34:04,398 : INFO : iGEM_URL : /Improve was changed to https://2020.igem.org/Team:Stockholm/Improve in Team\index.html.
2020-08-27 17:34:04,399 : WARNING : iGEM_URL : dist\Safety\index.html is referenced in dist\Team\index.html but was not found.
2020-08-27 17:34:04,399 : INFO : iGEM_URL : /Safety was changed to https://2020.igem.org/Team:Stockholm/Safety in Team\index.html.
2020-08-27 17:34:04,400 : WARNING : iGEM_URL : dist\Human_Practices\index.html is referenced in dist\Team\index.html but was not found.
2020-08-27 17:34:04,400 : INFO : iGEM_URL : /Human_Practices was changed to https://2020.igem.org/Team:Stockholm/Human_Practices in Team\index.html.
2020-08-27 17:34:04,400 : WARNING : iGEM_URL : dist\Education\index.html is referenced in dist\Team\index.html but was not found.
2020-08-27 17:34:04,401 : INFO : iGEM_URL : /Education was changed to https://2020.igem.org/Team:Stockholm/Education in Team\index.html.
2020-08-27 17:34:04,401 : WARNING : iGEM_URL : dist\Entrepreneurship\index.html is referenced in dist\Team\index.html but was not found.
2020-08-27 17:34:04,401 : INFO : iGEM_URL : /Entrepreneurship was changed to https://2020.igem.org/Team:Stockholm/Entrepreneurship in Team\index.html.
2020-08-27 17:34:04,402 : WARNING : iGEM_URL : dist\Hardware\index.html is referenced in dist\Team\index.html but was not found.
2020-08-27 17:34:04,402 : INFO : iGEM_URL : /Hardware was changed to https://2020.igem.org/Team:Stockholm/Hardware in Team\index.html.
2020-08-27 17:34:04,402 : WARNING : iGEM_URL : dist\Measurement\index.html is referenced in dist\Team\index.html but was not found.
2020-08-27 17:34:04,403 : INFO : iGEM_URL : /Measurement was changed to https://2020.igem.org/Team:Stockholm/Measurement in Team\index.html.
2020-08-27 17:34:04,403 : WARNING : iGEM_URL : dist\Model\index.html is referenced in dist\Team\index.html but was not found.
2020-08-27 17:34:04,403 : INFO : iGEM_URL : /Model was changed to https://2020.igem.org/Team:Stockholm/Model in Team\index.html.
2020-08-27 17:34:04,404 : WARNING : iGEM_URL : dist\Plant\index.html is referenced in dist\Team\index.html but was not found.
2020-08-27 17:34:04,404 : INFO : iGEM_URL : /Plant was changed to https://2020.igem.org/Team:Stockholm/Plant in Team\index.html.
2020-08-27 17:34:04,404 : WARNING : iGEM_URL : dist\Software\index.html is referenced in dist\Team\index.html but was not found.
2020-08-27 17:34:04,405 : INFO : iGEM_URL : /Software was changed to https://2020.igem.org/Team:Stockholm/Software in Team\index.html.
2020-08-27 17:34:04,405 : WARNING : iGEM_URL : dist\Sustainable\index.html is referenced in dist\Team\index.html but was not found.
2020-08-27 17:34:04,405 : INFO : iGEM_URL : /Sustainable was changed to https://2020.igem.org/Team:Stockholm/Sustainable in Team\index.html.
2020-08-27 17:34:04,412 : INFO : iGEM_URL : ../assets/img/Team.jpg was changed to https://2020.igem.org/wiki/images/6/68/T--Stockholm--img--Team.jpg in Team\index.html.
2020-08-27 17:34:04,412 : INFO : iGEM_URL : ../assets/img/Team--member.jpeg was changed to https://2020.igem.org/wiki/images/4/48/T--Stockholm--img--Team--member.jpeg in Team\index.html.
2020-08-27 17:34:04,413 : INFO : iGEM_URL : ../assets/img/Team--member.jpeg was changed to https://2020.igem.org/wiki/images/4/48/T--Stockholm--img--Team--member.jpeg in Team\index.html.
2020-08-27 17:34:04,413 : INFO : iGEM_URL : ../assets/img/Team--member.jpeg was changed to https://2020.igem.org/wiki/images/4/48/T--Stockholm--img--Team--member.jpeg in Team\index.html.
2020-08-27 17:34:04,413 : INFO : iGEM_URL : ../assets/img/Team--member.jpeg was changed to https://2020.igem.org/wiki/images/4/48/T--Stockholm--img--Team--member.jpeg in Team\index.html.
2020-08-27 17:34:04,414 : INFO : iGEM_URL : ../assets/img/Team--member.jpeg was changed to https://2020.igem.org/wiki/images/4/48/T--Stockholm--img--Team--member.jpeg in Team\index.html.
2020-08-27 17:34:04,414 : INFO : iGEM_URL : ../assets/img/Team--member.jpeg was changed to https://2020.igem.org/wiki/images/4/48/T--Stockholm--img--Team--member.jpeg in Team\index.html.
2020-08-27 17:34:04,415 : INFO : iGEM_URL : ../assets/img/Team--member.jpeg was changed to https://2020.igem.org/wiki/images/4/48/T--Stockholm--img--Team--member.jpeg in Team\index.html.
2020-08-27 17:34:04,415 : INFO : iGEM_URL : ../assets/img/Team--member.jpeg was changed to https://2020.igem.org/wiki/images/4/48/T--Stockholm--img--Team--member.jpeg in Team\index.html.
2020-08-27 17:34:05,258 : INFO : iGEM_upload_page : Uploaded to https://2020.igem.org/wiki/index.php?title=Team:Stockholm/Team&action=edit.
2020-08-27 17:34:05,267 : INFO : iGEM_URL : ../assets/fonts/montserrat-v14-latin/montserrat-v14-latin-regular.eot was changed to https://2020.igem.org/wiki/images/3/34/T--Stockholm--fonts--montserrat-v14-latin--montserrat-v14-latin-regular.eot in css\content.css.
2020-08-27 17:34:05,268 : INFO : iGEM_URL : ../assets/fonts/montserrat-v14-latin/montserrat-v14-latin-regular.woff was changed to https://2020.igem.org/wiki/images/e/e9/T--Stockholm--fonts--montserrat-v14-latin--montserrat-v14-latin-regular.woff in css\content.css.
2020-08-27 17:34:05,268 : INFO : iGEM_URL : ../assets/fonts/montserrat-v14-latin/montserrat-v14-latin-regular.ttf was changed to https://2020.igem.org/wiki/images/6/69/T--Stockholm--fonts--montserrat-v14-latin--montserrat-v14-latin-regular.ttf in css\content.css.
2020-08-27 17:34:05,269 : INFO : iGEM_URL : ../assets/fonts/montserrat-v14-latin/montserrat-v14-latin-regular.svg was changed to https://2020.igem.org/wiki/images/b/bf/T--Stockholm--fonts--montserrat-v14-latin--montserrat-v14-latin-regular.svg in css\content.css.
2020-08-27 17:34:05,269 : INFO : iGEM_URL : ../assets/fonts/montserrat-v14-latin/montserrat-v14-latin-600.eot was changed to https://2020.igem.org/wiki/images/f/f5/T--Stockholm--fonts--montserrat-v14-latin--montserrat-v14-latin-600.eot in css\content.css.
2020-08-27 17:34:05,270 : INFO : iGEM_URL : ../assets/fonts/montserrat-v14-latin/montserrat-v14-latin-600.woff was changed to https://2020.igem.org/wiki/images/6/6d/T--Stockholm--fonts--montserrat-v14-latin--montserrat-v14-latin-600.woff in css\content.css.
2020-08-27 17:34:05,270 : INFO : iGEM_URL : ../assets/fonts/montserrat-v14-latin/montserrat-v14-latin-600.ttf was changed to https://2020.igem.org/wiki/images/d/d7/T--Stockholm--fonts--montserrat-v14-latin--montserrat-v14-latin-600.ttf in css\content.css.
2020-08-27 17:34:05,270 : INFO : iGEM_URL : ../assets/fonts/montserrat-v14-latin/montserrat-v14-latin-600.svg was changed to https://2020.igem.org/wiki/images/b/b3/T--Stockholm--fonts--montserrat-v14-latin--montserrat-v14-latin-600.svg in css\content.css.
2020-08-27 17:34:05,271 : INFO : iGEM_URL : ../assets/fonts/lato-v16-latin/lato-v16-latin-regular.eot was changed to https://2020.igem.org/wiki/images/a/a5/T--Stockholm--fonts--lato-v16-latin--lato-v16-latin-regular.eot in css\content.css.
2020-08-27 17:34:05,271 : INFO : iGEM_URL : ../assets/fonts/lato-v16-latin/lato-v16-latin-regular.woff was changed to https://2020.igem.org/wiki/images/a/ae/T--Stockholm--fonts--lato-v16-latin--lato-v16-latin-regular.woff in css\content.css.
2020-08-27 17:34:05,272 : INFO : iGEM_URL : ../assets/fonts/lato-v16-latin/lato-v16-latin-regular.ttf was changed to https://2020.igem.org/wiki/images/7/75/T--Stockholm--fonts--lato-v16-latin--lato-v16-latin-regular.ttf in css\content.css.
2020-08-27 17:34:05,272 : INFO : iGEM_URL : ../assets/fonts/lato-v16-latin/lato-v16-latin-regular.svg was changed to https://2020.igem.org/wiki/images/f/f4/T--Stockholm--fonts--lato-v16-latin--lato-v16-latin-regular.svg in css\content.css.
2020-08-27 17:34:05,273 : INFO : iGEM_URL : ../assets/fonts/lato-v16-latin/lato-v16-latin-300.eot was changed to https://2020.igem.org/wiki/images/2/24/T--Stockholm--fonts--lato-v16-latin--lato-v16-latin-300.eot in css\content.css.
2020-08-27 17:34:05,273 : INFO : iGEM_URL : ../assets/fonts/lato-v16-latin/lato-v16-latin-300.woff was changed to https://2020.igem.org/wiki/images/2/21/T--Stockholm--fonts--lato-v16-latin--lato-v16-latin-300.woff in css\content.css.
2020-08-27 17:34:05,274 : INFO : iGEM_URL : ../assets/fonts/lato-v16-latin/lato-v16-latin-300.ttf was changed to https://2020.igem.org/wiki/images/7/75/T--Stockholm--fonts--lato-v16-latin--lato-v16-latin-300.ttf in css\content.css.
2020-08-27 17:34:05,274 : INFO : iGEM_URL : ../assets/fonts/lato-v16-latin/lato-v16-latin-700.eot was changed to https://2020.igem.org/wiki/images/f/fd/T--Stockholm--fonts--lato-v16-latin--lato-v16-latin-700.eot in css\content.css.
2020-08-27 17:34:05,275 : INFO : iGEM_URL : ../assets/fonts/lato-v16-latin/lato-v16-latin-700.woff was changed to https://2020.igem.org/wiki/images/0/06/T--Stockholm--fonts--lato-v16-latin--lato-v16-latin-700.woff in css\content.css.
2020-08-27 17:34:05,275 : INFO : iGEM_URL : ../assets/fonts/lato-v16-latin/lato-v16-latin-700.ttf was changed to https://2020.igem.org/wiki/images/3/3e/T--Stockholm--fonts--lato-v16-latin--lato-v16-latin-700.ttf in css\content.css.
2020-08-27 17:34:05,276 : INFO : iGEM_URL : ../assets/fonts/lato-v16-latin/lato-v16-latin-700.svg was changed to https://2020.igem.org/wiki/images/2/20/T--Stockholm--fonts--lato-v16-latin--lato-v16-latin-700.svg in css\content.css.
2020-08-27 17:34:05,276 : INFO : iGEM_URL : ../assets/icons/link-solid.svg was changed to https://2020.igem.org/wiki/images/0/0d/T--Stockholm--icons--link-solid.svg in css\content.css.
2020-08-27 17:34:07,278 : INFO : iGEM_upload_page : Uploaded to https://2020.igem.org/wiki/index.php?title=Template:Stockholm/css/contentCSS&action=edit.
2020-08-27 17:34:07,286 : INFO : iGEM_URL : ../assets/fonts/montserrat-v14-latin/montserrat-v14-latin-regular.eot was changed to https://2020.igem.org/wiki/images/3/34/T--Stockholm--fonts--montserrat-v14-latin--montserrat-v14-latin-regular.eot in css\index.css.
2020-08-27 17:34:07,286 : INFO : iGEM_URL : ../assets/fonts/montserrat-v14-latin/montserrat-v14-latin-regular.woff was changed to https://2020.igem.org/wiki/images/e/e9/T--Stockholm--fonts--montserrat-v14-latin--montserrat-v14-latin-regular.woff in css\index.css.
2020-08-27 17:34:07,287 : INFO : iGEM_URL : ../assets/fonts/montserrat-v14-latin/montserrat-v14-latin-regular.ttf was changed to https://2020.igem.org/wiki/images/6/69/T--Stockholm--fonts--montserrat-v14-latin--montserrat-v14-latin-regular.ttf in css\index.css.
2020-08-27 17:34:07,287 : INFO : iGEM_URL : ../assets/fonts/montserrat-v14-latin/montserrat-v14-latin-regular.svg was changed to https://2020.igem.org/wiki/images/b/bf/T--Stockholm--fonts--montserrat-v14-latin--montserrat-v14-latin-regular.svg in css\index.css.
2020-08-27 17:34:07,288 : INFO : iGEM_URL : ../assets/fonts/montserrat-v14-latin/montserrat-v14-latin-600.eot was changed to https://2020.igem.org/wiki/images/f/f5/T--Stockholm--fonts--montserrat-v14-latin--montserrat-v14-latin-600.eot in css\index.css.
2020-08-27 17:34:07,288 : INFO : iGEM_URL : ../assets/fonts/montserrat-v14-latin/montserrat-v14-latin-600.woff was changed to https://2020.igem.org/wiki/images/6/6d/T--Stockholm--fonts--montserrat-v14-latin--montserrat-v14-latin-600.woff in css\index.css.
2020-08-27 17:34:07,288 : INFO : iGEM_URL : ../assets/fonts/montserrat-v14-latin/montserrat-v14-latin-600.ttf was changed to https://2020.igem.org/wiki/images/d/d7/T--Stockholm--fonts--montserrat-v14-latin--montserrat-v14-latin-600.ttf in css\index.css.
2020-08-27 17:34:07,289 : INFO : iGEM_URL : ../assets/fonts/montserrat-v14-latin/montserrat-v14-latin-600.svg was changed to https://2020.igem.org/wiki/images/b/b3/T--Stockholm--fonts--montserrat-v14-latin--montserrat-v14-latin-600.svg in css\index.css.
2020-08-27 17:34:07,289 : INFO : iGEM_URL : ../assets/fonts/lato-v16-latin/lato-v16-latin-regular.eot was changed to https://2020.igem.org/wiki/images/a/a5/T--Stockholm--fonts--lato-v16-latin--lato-v16-latin-regular.eot in css\index.css.
2020-08-27 17:34:07,290 : INFO : iGEM_URL : ../assets/fonts/lato-v16-latin/lato-v16-latin-regular.woff was changed to https://2020.igem.org/wiki/images/a/ae/T--Stockholm--fonts--lato-v16-latin--lato-v16-latin-regular.woff in css\index.css.
2020-08-27 17:34:07,290 : INFO : iGEM_URL : ../assets/fonts/lato-v16-latin/lato-v16-latin-regular.ttf was changed to https://2020.igem.org/wiki/images/7/75/T--Stockholm--fonts--lato-v16-latin--lato-v16-latin-regular.ttf in css\index.css.
2020-08-27 17:34:07,291 : INFO : iGEM_URL : ../assets/fonts/lato-v16-latin/lato-v16-latin-regular.svg was changed to https://2020.igem.org/wiki/images/f/f4/T--Stockholm--fonts--lato-v16-latin--lato-v16-latin-regular.svg in css\index.css.
2020-08-27 17:34:07,291 : INFO : iGEM_URL : ../assets/fonts/lato-v16-latin/lato-v16-latin-300.eot was changed to https://2020.igem.org/wiki/images/2/24/T--Stockholm--fonts--lato-v16-latin--lato-v16-latin-300.eot in css\index.css.
2020-08-27 17:34:07,292 : INFO : iGEM_URL : ../assets/fonts/lato-v16-latin/lato-v16-latin-300.woff was changed to https://2020.igem.org/wiki/images/2/21/T--Stockholm--fonts--lato-v16-latin--lato-v16-latin-300.woff in css\index.css.
2020-08-27 17:34:07,292 : INFO : iGEM_URL : ../assets/fonts/lato-v16-latin/lato-v16-latin-300.ttf was changed to https://2020.igem.org/wiki/images/7/75/T--Stockholm--fonts--lato-v16-latin--lato-v16-latin-300.ttf in css\index.css.
2020-08-27 17:34:07,293 : INFO : iGEM_URL : ../assets/fonts/lato-v16-latin/lato-v16-latin-700.eot was changed to https://2020.igem.org/wiki/images/f/fd/T--Stockholm--fonts--lato-v16-latin--lato-v16-latin-700.eot in css\index.css.
2020-08-27 17:34:07,293 : INFO : iGEM_URL : ../assets/fonts/lato-v16-latin/lato-v16-latin-700.woff was changed to https://2020.igem.org/wiki/images/0/06/T--Stockholm--fonts--lato-v16-latin--lato-v16-latin-700.woff in css\index.css.
2020-08-27 17:34:07,293 : INFO : iGEM_URL : ../assets/fonts/lato-v16-latin/lato-v16-latin-700.ttf was changed to https://2020.igem.org/wiki/images/3/3e/T--Stockholm--fonts--lato-v16-latin--lato-v16-latin-700.ttf in css\index.css.
2020-08-27 17:34:07,294 : INFO : iGEM_URL : ../assets/fonts/lato-v16-latin/lato-v16-latin-700.svg was changed to https://2020.igem.org/wiki/images/2/20/T--Stockholm--fonts--lato-v16-latin--lato-v16-latin-700.svg in css\index.css.
2020-08-27 17:34:09,119 : INFO : iGEM_upload_page : Uploaded to https://2020.igem.org/wiki/index.php?title=Template:Stockholm/css/indexCSS&action=edit.
2020-08-27 17:34:09,126 : INFO : iGEM_URL : ../assets/fonts/montserrat-v14-latin/montserrat-v14-latin-regular.eot was changed to https://2020.igem.org/wiki/images/3/34/T--Stockholm--fonts--montserrat-v14-latin--montserrat-v14-latin-regular.eot in css\team.css.
2020-08-27 17:34:09,127 : INFO : iGEM_URL : ../assets/fonts/montserrat-v14-latin/montserrat-v14-latin-regular.woff was changed to https://2020.igem.org/wiki/images/e/e9/T--Stockholm--fonts--montserrat-v14-latin--montserrat-v14-latin-regular.woff in css\team.css.
2020-08-27 17:34:09,128 : INFO : iGEM_URL : ../assets/fonts/montserrat-v14-latin/montserrat-v14-latin-regular.ttf was changed to https://2020.igem.org/wiki/images/6/69/T--Stockholm--fonts--montserrat-v14-latin--montserrat-v14-latin-regular.ttf in css\team.css.
2020-08-27 17:34:09,128 : INFO : iGEM_URL : ../assets/fonts/montserrat-v14-latin/montserrat-v14-latin-regular.svg was changed to https://2020.igem.org/wiki/images/b/bf/T--Stockholm--fonts--montserrat-v14-latin--montserrat-v14-latin-regular.svg in css\team.css.
2020-08-27 17:34:09,128 : INFO : iGEM_URL : ../assets/fonts/montserrat-v14-latin/montserrat-v14-latin-600.eot was changed to https://2020.igem.org/wiki/images/f/f5/T--Stockholm--fonts--montserrat-v14-latin--montserrat-v14-latin-600.eot in css\team.css.
2020-08-27 17:34:09,129 : INFO : iGEM_URL : ../assets/fonts/montserrat-v14-latin/montserrat-v14-latin-600.woff was changed to https://2020.igem.org/wiki/images/6/6d/T--Stockholm--fonts--montserrat-v14-latin--montserrat-v14-latin-600.woff in css\team.css.
2020-08-27 17:34:09,129 : INFO : iGEM_URL : ../assets/fonts/montserrat-v14-latin/montserrat-v14-latin-600.ttf was changed to https://2020.igem.org/wiki/images/d/d7/T--Stockholm--fonts--montserrat-v14-latin--montserrat-v14-latin-600.ttf in css\team.css.
2020-08-27 17:34:09,130 : INFO : iGEM_URL : ../assets/fonts/montserrat-v14-latin/montserrat-v14-latin-600.svg was changed to https://2020.igem.org/wiki/images/b/b3/T--Stockholm--fonts--montserrat-v14-latin--montserrat-v14-latin-600.svg in css\team.css.
2020-08-27 17:34:09,130 : INFO : iGEM_URL : ../assets/fonts/lato-v16-latin/lato-v16-latin-regular.eot was changed to https://2020.igem.org/wiki/images/a/a5/T--Stockholm--fonts--lato-v16-latin--lato-v16-latin-regular.eot in css\team.css.
2020-08-27 17:34:09,131 : INFO : iGEM_URL : ../assets/fonts/lato-v16-latin/lato-v16-latin-regular.woff was changed to https://2020.igem.org/wiki/images/a/ae/T--Stockholm--fonts--lato-v16-latin--lato-v16-latin-regular.woff in css\team.css.
2020-08-27 17:34:09,131 : INFO : iGEM_URL : ../assets/fonts/lato-v16-latin/lato-v16-latin-regular.ttf was changed to https://2020.igem.org/wiki/images/7/75/T--Stockholm--fonts--lato-v16-latin--lato-v16-latin-regular.ttf in css\team.css.
2020-08-27 17:34:09,132 : INFO : iGEM_URL : ../assets/fonts/lato-v16-latin/lato-v16-latin-regular.svg was changed to https://2020.igem.org/wiki/images/f/f4/T--Stockholm--fonts--lato-v16-latin--lato-v16-latin-regular.svg in css\team.css.
2020-08-27 17:34:09,132 : INFO : iGEM_URL : ../assets/fonts/lato-v16-latin/lato-v16-latin-300.eot was changed to https://2020.igem.org/wiki/images/2/24/T--Stockholm--fonts--lato-v16-latin--lato-v16-latin-300.eot in css\team.css.
2020-08-27 17:34:09,133 : INFO : iGEM_URL : ../assets/fonts/lato-v16-latin/lato-v16-latin-300.woff was changed to https://2020.igem.org/wiki/images/2/21/T--Stockholm--fonts--lato-v16-latin--lato-v16-latin-300.woff in css\team.css.
2020-08-27 17:34:09,133 : INFO : iGEM_URL : ../assets/fonts/lato-v16-latin/lato-v16-latin-300.ttf was changed to https://2020.igem.org/wiki/images/7/75/T--Stockholm--fonts--lato-v16-latin--lato-v16-latin-300.ttf in css\team.css.
2020-08-27 17:34:09,133 : INFO : iGEM_URL : ../assets/fonts/lato-v16-latin/lato-v16-latin-700.eot was changed to https://2020.igem.org/wiki/images/f/fd/T--Stockholm--fonts--lato-v16-latin--lato-v16-latin-700.eot in css\team.css.
2020-08-27 17:34:09,134 : INFO : iGEM_URL : ../assets/fonts/lato-v16-latin/lato-v16-latin-700.woff was changed to https://2020.igem.org/wiki/images/0/06/T--Stockholm--fonts--lato-v16-latin--lato-v16-latin-700.woff in css\team.css.
2020-08-27 17:34:09,134 : INFO : iGEM_URL : ../assets/fonts/lato-v16-latin/lato-v16-latin-700.ttf was changed to https://2020.igem.org/wiki/images/3/3e/T--Stockholm--fonts--lato-v16-latin--lato-v16-latin-700.ttf in css\team.css.
2020-08-27 17:34:09,135 : INFO : iGEM_URL : ../assets/fonts/lato-v16-latin/lato-v16-latin-700.svg was changed to https://2020.igem.org/wiki/images/2/20/T--Stockholm--fonts--lato-v16-latin--lato-v16-latin-700.svg in css\team.css.
2020-08-27 17:34:10,905 : INFO : iGEM_upload_page : Uploaded to https://2020.igem.org/wiki/index.php?title=Template:Stockholm/css/teamCSS&action=edit.
2020-08-27 17:34:23,188 : INFO : iGEM_upload_page : Uploaded to https://2020.igem.org/wiki/index.php?title=Template:Stockholm/content-bundleJS&action=edit.
2020-08-27 17:34:35,369 : INFO : iGEM_upload_page : Uploaded to https://2020.igem.org/wiki/index.php?title=Template:Stockholm/index-bundleJS&action=edit.
2020-08-27 17:34:47,428 : INFO : iGEM_upload_page : Uploaded to https://2020.igem.org/wiki/index.php?title=Template:Stockholm/team-bundleJS&action=edit.
